Build started 11/5/2012 8:56:37 PM.
     1>Project "D:\Users\Kazik\Documents\Visual Studio 2010\Projects\ZPR_STEGANO\ZPR_STEGANO\ZPR_STEGANO.vcxproj" on node 2 (build target(s)).
     1>InitializeBuildStatus:
         Touching "Debug\ZPR_STEGANO.unsuccessfulbuild".
       CustomBuild:
         Moc'ing SteganoManager.h...
       ClCompile:
         C:\Program Files (x86)\Microsoft Visual Studio 10.0\VC\bin\CL.exe /c /I.\GeneratedFiles /I. /ID:\Qt\4.8.3\include /I.\GeneratedFiles\Debug /ID:\Qt\4.8.3\include\QtCore /ID:\Qt\4.8.3\include\QtGui /Zi /nologo /W1 /WX- /Od /Oy- /D UNICODE /D WIN32 /D QT_LARGEFILE_SUPPORT /D QT_DLL /D QT_CORE_LIB /D QT_GUI_LIB /Gm- /EHsc /MDd /GS /fp:precise /Zc:wchar_t- /Zc:forScope /Fo"Debug\\" /Fd"Debug\vc100.pdb" /Gd /TP /analyze- /errorReport:prompt GeneratedFiles\Debug\moc_SteganoManager.cpp SteganoManager.cpp
         moc_SteganoManager.cpp
         SteganoManager.cpp
         Generating Code...
         All outputs are up-to-date.
       Link:
         C:\Program Files (x86)\Microsoft Visual Studio 10.0\VC\bin\link.exe /ERRORREPORT:PROMPT /OUT:"D:\Users\Kazik\Documents\Visual Studio 2010\Projects\ZPR_STEGANO\Win32\Debug\\ZPR_STEGANO.exe" /NOLOGO /LIBPATH:D:\Qt\4.8.3\lib qtmaind.lib QtCored4.lib QtGuid4.lib kernel32.lib user32.lib gdi32.lib winspool.lib comdlg32.lib advapi32.lib shell32.lib ole32.lib oleaut32.lib uuid.lib odbc32.lib odbccp32.lib /MANIFEST /ManifestFile:"Debug\ZPR_STEGANO.exe.intermediate.manifest" /MANIFESTUAC:"level='asInvoker' uiAccess='false'" /DEBUG /PDB:"D:\Users\Kazik\Documents\Visual Studio 2010\Projects\ZPR_STEGANO\Win32\Debug\ZPR_STEGANO.pdb" /SUBSYSTEM:WINDOWS /TLBID:1 /DYNAMICBASE /NXCOMPAT /IMPLIB:"D:\Users\Kazik\Documents\Visual Studio 2010\Projects\ZPR_STEGANO\Win32\Debug\ZPR_STEGANO.lib" /MACHINE:X86 Debug\moc_SteganoManager.obj
         Debug\moc_SteganoMethod.obj
         Debug\moc_zpr_stegano.obj
         Debug\qrc_zpr_stegano.obj
         Debug\main.obj
         Debug\SteganoManager.obj
         Debug\SteganoMethod.obj
         Debug\zpr_stegano.obj
         LINK : D:\Users\Kazik\Documents\Visual Studio 2010\Projects\ZPR_STEGANO\Win32\Debug\\ZPR_STEGANO.exe not found or not built by the last incremental link; performing full link
         ZPR_STEGANO.vcxproj -> D:\Users\Kazik\Documents\Visual Studio 2010\Projects\ZPR_STEGANO\Win32\Debug\ZPR_STEGANO.exe
       Manifest:
         C:\Program Files (x86)\Microsoft SDKs\Windows\v7.0A\bin\mt.exe /nologo /verbose /outputresource:"D:\Users\Kazik\Documents\Visual Studio 2010\Projects\ZPR_STEGANO\Win32\Debug\\ZPR_STEGANO.exe;#1" /manifest Debug\ZPR_STEGANO.exe.intermediate.manifest
       FinalizeBuildStatus:
         Deleting file "Debug\ZPR_STEGANO.unsuccessfulbuild".
         Touching "Debug\ZPR_STEGANO.lastbuildstate".
     1>Done Building Project "D:\Users\Kazik\Documents\Visual Studio 2010\Projects\ZPR_STEGANO\ZPR_STEGANO\ZPR_STEGANO.vcxproj" (build target(s)).

Build succeeded.

Time Elapsed 00:00:02.72
